\BOOKMARK [1][-]{section.1}{Group Information}{}% 1
\BOOKMARK [2][-]{subsection.1.1}{General Information}{section.1}% 2
\BOOKMARK [2][-]{subsection.1.2}{Group members}{section.1}% 3
\BOOKMARK [2][-]{subsection.1.3}{Contributions to project}{section.1}% 4
\BOOKMARK [3][-]{subsubsection.1.3.1}{Participation}{subsection.1.3}% 5
\BOOKMARK [3][-]{subsubsection.1.3.2}{Who did what}{subsection.1.3}% 6
\BOOKMARK [3][-]{subsubsection.1.3.3}{Github contribution}{subsection.1.3}% 7
\BOOKMARK [1][-]{section.2}{Functional requirements and application design}{}% 8
\BOOKMARK [2][-]{subsection.2.1}{Use case prioritization}{section.2}% 9
\BOOKMARK [3][-]{subsubsection.2.1.1}{Critical}{subsection.2.1}% 10
\BOOKMARK [3][-]{subsubsection.2.1.2}{Important}{subsection.2.1}% 11
\BOOKMARK [3][-]{subsubsection.2.1.3}{Nice-To-Have}{subsection.2.1}% 12
\BOOKMARK [2][-]{subsection.2.2}{Services contracts}{section.2}% 13
\BOOKMARK [3][-]{subsubsection.2.2.1}{Analytics}{subsection.2.2}% 14
\BOOKMARK [3][-]{subsubsection.2.2.2}{Authentication}{subsection.2.2}% 15
\BOOKMARK [3][-]{subsubsection.2.2.3}{BuzzSpace}{subsection.2.2}% 16
\BOOKMARK [3][-]{subsubsection.2.2.4}{Communication}{subsection.2.2}% 17
\BOOKMARK [3][-]{subsubsection.2.2.5}{Plagiarism / Netetiquette}{subsection.2.2}% 18
\BOOKMARK [3][-]{subsubsection.2.2.6}{Tagging}{subsection.2.2}% 19
\BOOKMARK [3][-]{subsubsection.2.2.7}{Thread}{subsection.2.2}% 20
\BOOKMARK [3][-]{subsubsection.2.2.8}{Thread Posts}{subsection.2.2}% 21
\BOOKMARK [3][-]{subsubsection.2.2.9}{User}{subsection.2.2}% 22
\BOOKMARK [2][-]{subsection.2.3}{Required functionality}{section.2}% 23
\BOOKMARK [3][-]{subsubsection.2.3.1}{Analytics}{subsection.2.3}% 24
\BOOKMARK [3][-]{subsubsection.2.3.2}{Authentication}{subsection.2.3}% 25
\BOOKMARK [3][-]{subsubsection.2.3.3}{BuzzSpace}{subsection.2.3}% 26
\BOOKMARK [3][-]{subsubsection.2.3.4}{Communication}{subsection.2.3}% 27
\BOOKMARK [3][-]{subsubsection.2.3.5}{Plagiarism / Netetiquette}{subsection.2.3}% 28
\BOOKMARK [3][-]{subsubsection.2.3.6}{Tagging}{subsection.2.3}% 29
\BOOKMARK [3][-]{subsubsection.2.3.7}{Thread}{subsection.2.3}% 30
\BOOKMARK [3][-]{subsubsection.2.3.8}{Thread Posts}{subsection.2.3}% 31
\BOOKMARK [3][-]{subsubsection.2.3.9}{User}{subsection.2.3}% 32
\BOOKMARK [2][-]{subsection.2.4}{Process specifications}{section.2}% 33
\BOOKMARK [3][-]{subsubsection.2.4.1}{Authentication}{subsection.2.4}% 34
\BOOKMARK [3][-]{subsubsection.2.4.2}{BuzzSpace}{subsection.2.4}% 35
\BOOKMARK [3][-]{subsubsection.2.4.3}{Communication}{subsection.2.4}% 36
\BOOKMARK [3][-]{subsubsection.2.4.4}{Tagging}{subsection.2.4}% 37
\BOOKMARK [3][-]{subsubsection.2.4.5}{Thread}{subsection.2.4}% 38
\BOOKMARK [3][-]{subsubsection.2.4.6}{Thread posts}{subsection.2.4}% 39
\BOOKMARK [2][-]{subsection.2.5}{Domain Model}{section.2}% 40
